  main.cpp
c:\users\s189081\source\repos\mathlib\mathlib\utils.h(24): warning C4005: 'PI': macro redefinition
  c:\users\s189081\source\repos\mathlib\thirdparty\raylib\raylib.h(86): note: see previous definition of 'PI'
c:\users\s189081\source\repos\mathlib\mathlib\utils.h(79): warning C4244: 'argument': conversion from 'double' to 'float', possible loss of data
c:\users\s189081\source\repos\mathlib\mathlib\utils.h(497): warning C4091: 'typedef ': ignored on left of 'MathX::Quaternion' when no variable is declared
c:\users\s189081\source\repos\mathlib\mathlib\utils.h(522): warning C4244: '=': conversion from 'const float' to 'int', possible loss of data
c:\users\s189081\source\repos\mathlib\mathlib\utils.h(550): warning C4244: '+=': conversion from 'float' to 'int', possible loss of data
c:\users\s189081\source\repos\mathlib\mathlib\utils.h(552): warning C4244: '-=': conversion from 'float' to 'int', possible loss of data
c:\users\s189081\source\repos\mathlib\mathlib\utils.h(554): warning C4244: '*=': conversion from 'float' to 'int', possible loss of data
c:\users\s189081\source\repos\mathlib\mathlib\utils.h(556): warning C4244: '/=': conversion from 'float' to 'int', possible loss of data
c:\users\s189081\source\repos\mathlib\mathlib\utils.h(559): warning C4244: 'argument': conversion from 'float' to 'int', possible loss of data
c:\users\s189081\source\repos\mathlib\mathlib\utils.h(562): warning C4244: 'argument': conversion from 'float' to 'int', possible loss of data
c:\users\s189081\source\repos\mathlib\mathlib\utils.h(565): warning C4244: 'argument': conversion from 'float' to 'int', possible loss of data
c:\users\s189081\source\repos\mathlib\mathlib\utils.h(568): warning C4244: 'argument': conversion from 'float' to 'int', possible loss of data
c:\users\s189081\source\repos\mathlib\mathlib\utils.h(757): warning C4244: 'argument': conversion from 'time_t' to 'unsigned int', possible loss of data
c:\users\s189081\source\repos\mathlib\mathlib\utils.h(784): warning C4018: '<': signed/unsigned mismatch
c:\users\s189081\source\repos\mathlib\mathlib\utils.h(808): warning C4018: '<': signed/unsigned mismatch
c:\users\s189081\source\repos\mathlib\raylib_interpolation_timewinder\player.h(14): warning C4244: 'argument': conversion from 'float' to 'int', possible loss of data
c:\users\s189081\source\repos\mathlib\raylib_interpolation_timewinder\main.cpp(10): warning C4244: 'argument': conversion from 'double' to 'float', possible loss of data
  Raylib_Interpolation_TimeWinder.vcxproj -> C:\Users\s189081\source\repos\mathLib\Debug\Raylib_Interpolation_TimeWinder.exe
