  main.cpp
c:\users\s189081\source\repos\mathlib\mathlib\utils.h(27): warning C4005: 'PI': macro redefinition
  c:\users\s189081\source\repos\mathlib\thirdparty\raylib\raylib.h(86): note: see previous definition of 'PI'
c:\users\s189081\source\repos\mathlib\mathlib\utils.h(84): warning C4244: 'argument': conversion from 'double' to 'float', possible loss of data
c:\users\s189081\source\repos\mathlib\mathlib\utils.h(506): warning C4091: 'typedef ': ignored on left of 'MathX::Quaternion' when no variable is declared
c:\users\s189081\source\repos\mathlib\mathlib\utils.h(531): warning C4244: '=': conversion from 'const float' to 'int', possible loss of data
c:\users\s189081\source\repos\mathlib\mathlib\utils.h(559): warning C4244: '+=': conversion from 'float' to 'int', possible loss of data
c:\users\s189081\source\repos\mathlib\mathlib\utils.h(561): warning C4244: '-=': conversion from 'float' to 'int', possible loss of data
c:\users\s189081\source\repos\mathlib\mathlib\utils.h(563): warning C4244: '*=': conversion from 'float' to 'int', possible loss of data
c:\users\s189081\source\repos\mathlib\mathlib\utils.h(565): warning C4244: '/=': conversion from 'float' to 'int', possible loss of data
c:\users\s189081\source\repos\mathlib\mathlib\utils.h(568): warning C4244: 'argument': conversion from 'float' to 'int', possible loss of data
c:\users\s189081\source\repos\mathlib\mathlib\utils.h(571): warning C4244: 'argument': conversion from 'float' to 'int', possible loss of data
c:\users\s189081\source\repos\mathlib\mathlib\utils.h(574): warning C4244: 'argument': conversion from 'float' to 'int', possible loss of data
c:\users\s189081\source\repos\mathlib\mathlib\utils.h(577): warning C4244: 'argument': conversion from 'float' to 'int', possible loss of data
c:\users\s189081\source\repos\mathlib\mathlib\utils.h(768): warning C4244: 'argument': conversion from 'time_t' to 'unsigned int', possible loss of data
c:\users\s189081\source\repos\mathlib\mathlib\utils.h(795): warning C4018: '<': signed/unsigned mismatch
c:\users\s189081\source\repos\mathlib\mathlib\utils.h(820): warning C4018: '<': signed/unsigned mismatch
c:\users\s189081\source\repos\mathlib\raylib_randoms\main.cpp(52): warning C4244: 'argument': conversion from 'float' to 'int', possible loss of data
c:\users\s189081\source\repos\mathlib\raylib_randoms\main.cpp(62): warning C4244: '=': conversion from 'int' to 'float', possible loss of data
c:\users\s189081\source\repos\mathlib\raylib_randoms\main.cpp(63): warning C4244: '=': conversion from 'int' to 'float', possible loss of data
c:\users\s189081\source\repos\mathlib\raylib_randoms\main.cpp(67): warning C4244: 'argument': conversion from 'float' to 'int', possible loss of data
  Raylib_Randoms.vcxproj -> C:\Users\s189081\source\repos\mathLib\Debug\Raylib_Randoms.exe
